22-May-2019 18:00:09.815 信息 [main] org.apache.catalina.startup.VersionLoggerListener.log Server version:        Apache Tomcat/9.0.12
22-May-2019 18:00:09.821 信息 [main] org.apache.catalina.startup.VersionLoggerListener.log Server built:          Sep 4 2018 22:13:41 UTC
22-May-2019 18:00:09.823 信息 [main] org.apache.catalina.startup.VersionLoggerListener.log Server number:         9.0.12.0
22-May-2019 18:00:09.823 信息 [main] org.apache.catalina.startup.VersionLoggerListener.log OS Name:               Windows 10
22-May-2019 18:00:09.824 信息 [main] org.apache.catalina.startup.VersionLoggerListener.log OS Version:            10.0
22-May-2019 18:00:09.824 信息 [main] org.apache.catalina.startup.VersionLoggerListener.log Architecture:          amd64
22-May-2019 18:00:09.824 信息 [main] org.apache.catalina.startup.VersionLoggerListener.log Java Home:             D:\software\Java\jdk1.8.0_201\jre
22-May-2019 18:00:09.825 信息 [main] org.apache.catalina.startup.VersionLoggerListener.log JVM Version:           1.8.0_201-b09
22-May-2019 18:00:09.826 信息 [main] org.apache.catalina.startup.VersionLoggerListener.log JVM Vendor:            Oracle Corporation
22-May-2019 18:00:09.826 信息 [main] org.apache.catalina.startup.VersionLoggerListener.log CATALINA_BASE:         D:\software\camundatomcat\server\apache-tomcat-9.0.12
22-May-2019 18:00:09.826 信息 [main] org.apache.catalina.startup.VersionLoggerListener.log CATALINA_HOME:         D:\software\camundatomcat\server\apache-tomcat-9.0.12
22-May-2019 18:00:09.833 信息 [main] org.apache.catalina.startup.VersionLoggerListener.log Command line argument: -Djava.util.logging.config.file=D:\software\camundatomcat\server\apache-tomcat-9.0.12\conf\logging.properties
22-May-2019 18:00:09.833 信息 [main] org.apache.catalina.startup.VersionLoggerListener.log Command line argument: -Djava.util.logging.manager=org.apache.juli.ClassLoaderLogManager
22-May-2019 18:00:09.834 信息 [main] org.apache.catalina.startup.VersionLoggerListener.log Command line argument: -Djdk.tls.ephemeralDHKeySize=2048
22-May-2019 18:00:09.834 信息 [main] org.apache.catalina.startup.VersionLoggerListener.log Command line argument: -Djava.protocol.handler.pkgs=org.apache.catalina.webresources
22-May-2019 18:00:09.835 信息 [main] org.apache.catalina.startup.VersionLoggerListener.log Command line argument: -Xmx512m
22-May-2019 18:00:09.835 信息 [main] org.apache.catalina.startup.VersionLoggerListener.log Command line argument: -XX:MaxPermSize=256m
22-May-2019 18:00:09.835 信息 [main] org.apache.catalina.startup.VersionLoggerListener.log Command line argument: -XX:PermSize=256m
22-May-2019 18:00:09.836 信息 [main] org.apache.catalina.startup.VersionLoggerListener.log Command line argument: -Dignore.endorsed.dirs=
22-May-2019 18:00:09.836 信息 [main] org.apache.catalina.startup.VersionLoggerListener.log Command line argument: -Dcatalina.base=D:\software\camundatomcat\server\apache-tomcat-9.0.12
22-May-2019 18:00:09.836 信息 [main] org.apache.catalina.startup.VersionLoggerListener.log Command line argument: -Dcatalina.home=D:\software\camundatomcat\server\apache-tomcat-9.0.12
22-May-2019 18:00:09.837 信息 [main] org.apache.catalina.startup.VersionLoggerListener.log Command line argument: -Djava.io.tmpdir=D:\software\camundatomcat\server\apache-tomcat-9.0.12\temp
22-May-2019 18:00:09.838 信息 [main] org.apache.catalina.core.AprLifecycleListener.lifecycleEvent The APR based Apache Tomcat Native library which allows optimal performance in production environments was not found on the java.library.path: [D:\software\Java\jdk1.8.0_201\bin;C:\Windows\Sun\Java\bin;C:\Windows\system32;C:\Windows;D:\software\Python\Python37\Scripts\;D:\software\Python\Python37\;C:\Program Files (x86)\Common Files\Oracle\Java\javapath;C:\Program Files (x86)\Intel\Intel(R) Management Engine Components\iCLS\;C:\Program Files\Intel\Intel(R) Management Engine Components\iCLS\;C:\Windows\system32;C:\Windows;C:\Windows\System32\Wbem;C:\Windows\System32\WindowsPowerShell\v1.0\;C:\Windows\System32\OpenSSH\;C:\Program Files (x86)\Intel\Intel(R) Management Engine Components\DAL;C:\Program Files\Intel\Intel(R) Management Engine Components\DAL;C:\Program Files\Intel\WiFi\bin\;C:\Program Files\Common Files\Intel\WirelessCommon\;C:\Program Files (x86)\NVIDIA Corporation\PhysX\Common;C:\Program Files\NVIDIA Corporation\NVIDIA NvDLISR;D:\software\Java\jdk1.8.0_201\bin;D:\software\tcping;D:\software\mysql\bin;D:\software\maven\bin;D:\software\TortoiseSVN\bin;D:\software\redis;D:\software\Git\cmd;D:\software\nodejs\;D:\software\nodejs\node_global;D:\software\gradle\bin;D:\software\lua;D:\software\TortoiseGit\bin;C:\Program Files\MIT\Kerberos\bin;C:\Users\Allen\AppData\Local\Microsoft\WindowsApps;C:\Users\Allen\AppData\Roaming\npm;D:\software\JetBrains\IntelliJIDEA20191\bin;;D:\software\Fiddler;.]
22-May-2019 18:00:10.108 信息 [main] org.apache.coyote.AbstractProtocol.init Initializing ProtocolHandler ["http-nio-8080"]
22-May-2019 18:00:10.121 严重 [main] org.apache.catalina.util.LifecycleBase.handleSubClassException Failed to initialize component [Connector[HTTP/1.1-8080]]
 org.apache.catalina.LifecycleException: Protocol handler initialization failed
	at org.apache.catalina.connector.Connector.initInternal(Connector.java:935)
	at org.apache.catalina.util.LifecycleBase.init(LifecycleBase.java:136)
	at org.apache.catalina.core.StandardService.initInternal(StandardService.java:533)
	at org.apache.catalina.util.LifecycleBase.init(LifecycleBase.java:136)
	at org.apache.catalina.core.StandardServer.initInternal(StandardServer.java:852)
	at org.apache.catalina.util.LifecycleBase.init(LifecycleBase.java:136)
	at org.apache.catalina.startup.Catalina.load(Catalina.java:633)
	at org.apache.catalina.startup.Catalina.load(Catalina.java:656)
	at sun.reflect.NativeMethodAccessorImpl.invoke0(Native Method)
	at sun.reflect.NativeMethodAccessorImpl.invoke(NativeMethodAccessorImpl.java:62)
	at sun.reflect.DelegatingMethodAccessorImpl.invoke(DelegatingMethodAccessorImpl.java:43)
	at java.lang.reflect.Method.invoke(Method.java:498)
	at org.apache.catalina.startup.Bootstrap.load(Bootstrap.java:306)
	at org.apache.catalina.startup.Bootstrap.main(Bootstrap.java:491)
Caused by: java.net.BindException: Address already in use: bind
	at sun.nio.ch.Net.bind0(Native Method)
	at sun.nio.ch.Net.bind(Net.java:433)
	at sun.nio.ch.Net.bind(Net.java:425)
	at sun.nio.ch.ServerSocketChannelImpl.bind(ServerSocketChannelImpl.java:223)
	at sun.nio.ch.ServerSocketAdaptor.bind(ServerSocketAdaptor.java:74)
	at org.apache.tomcat.util.net.NioEndpoint.initServerSocket(NioEndpoint.java:236)
	at org.apache.tomcat.util.net.NioEndpoint.bind(NioEndpoint.java:210)
	at org.apache.tomcat.util.net.AbstractEndpoint.init(AbstractEndpoint.java:1044)
	at org.apache.coyote.AbstractProtocol.init(AbstractProtocol.java:540)
	at org.apache.coyote.http11.AbstractHttp11Protocol.init(AbstractHttp11Protocol.java:74)
	at org.apache.catalina.connector.Connector.initInternal(Connector.java:932)
	... 13 more

22-May-2019 18:00:10.126 信息 [main] org.apache.coyote.AbstractProtocol.init Initializing ProtocolHandler ["ajp-nio-8009"]
22-May-2019 18:00:10.824 信息 [main] org.apache.tomcat.util.net.NioSelectorPool.getSharedSelector Using a shared selector for servlet write/read
22-May-2019 18:00:10.833 信息 [main] org.apache.catalina.startup.Catalina.load Initialization processed in 1673 ms
22-May-2019 18:00:11.293 信息 [main] org.camunda.commons.logging.BaseLogger.logInfo ENGINE-08046 Found camunda bpm platform configuration in CATALINA_BASE/CATALINA_HOME conf directory [D:\software\camundatomcat\server\apache-tomcat-9.0.12\conf\bpm-platform.xml] at 'file:/D:/software/camundatomcat/server/apache-tomcat-9.0.12/conf/bpm-platform.xml'
22-May-2019 18:00:12.400 信息 [main] org.camunda.commons.logging.BaseLogger.logInfo ENGINE-12003 Plugin 'ProcessApplicationEventListenerPlugin' activated on process engine 'default'
22-May-2019 18:00:12.439 信息 [main] org.camunda.commons.logging.BaseLogger.logInfo ENGINE-12003 Plugin 'SpinProcessEnginePlugin' activated on process engine 'default'
22-May-2019 18:00:12.459 信息 [main] org.camunda.commons.logging.BaseLogger.logInfo SPIN-01010 Discovered Spin data format provider: org.camunda.spin.impl.json.jackson.format.JacksonJsonDataFormatProvider[name = application/json]
22-May-2019 18:00:13.124 信息 [main] org.camunda.commons.logging.BaseLogger.logInfo SPIN-01010 Discovered Spin data format provider: org.camunda.spin.impl.xml.dom.format.DomXmlDataFormatProvider[name = application/xml]
22-May-2019 18:00:13.152 信息 [main] org.camunda.commons.logging.BaseLogger.logInfo SPIN-01009 Discovered Spin data format: org.camunda.spin.impl.xml.dom.format.DomXmlDataFormat[name = application/xml]
22-May-2019 18:00:13.157 信息 [main] org.camunda.commons.logging.BaseLogger.logInfo SPIN-01009 Discovered Spin data format: org.camunda.spin.impl.json.jackson.format.JacksonJsonDataFormat[name = application/json]
22-May-2019 18:00:13.158 信息 [main] org.camunda.commons.logging.BaseLogger.logInfo ENGINE-12003 Plugin 'ConnectProcessEnginePlugin' activated on process engine 'default'
22-May-2019 18:00:14.526 信息 [main] org.camunda.commons.logging.BaseLogger.logInfo CNCT-01004 Discovered provider for connector id 'http-connector' and class 'org.camunda.connect.httpclient.impl.HttpConnectorImpl': 'org.camunda.connect.httpclient.impl.HttpConnectorProviderImpl'
22-May-2019 18:00:14.532 信息 [main] org.camunda.commons.logging.BaseLogger.logInfo CNCT-01004 Discovered provider for connector id 'soap-http-connector' and class 'org.camunda.connect.httpclient.soap.impl.SoapHttpConnectorImpl': 'org.camunda.connect.httpclient.soap.impl.SoapHttpConnectorProviderImpl'
22-May-2019 18:00:19.432 信息 [main] org.camunda.commons.logging.BaseLogger.logInfo ENGINE-00001 Process Engine default created.
22-May-2019 18:00:19.436 信息 [main] org.camunda.commons.logging.BaseLogger.logInfo ENGINE-14014 Starting up the JobExecutor[org.camunda.bpm.engine.impl.jobexecutor.RuntimeContainerJobExecutor].
22-May-2019 18:00:19.441 信息 [Thread-5] org.camunda.commons.logging.BaseLogger.logInfo ENGINE-14018 JobExecutor[org.camunda.bpm.engine.impl.jobexecutor.RuntimeContainerJobExecutor] starting to acquire jobs
22-May-2019 18:00:19.465 信息 [main] org.camunda.commons.logging.BaseLogger.logInfo ENGINE-08048 Camunda BPM platform sucessfully started at 'Apache Tomcat/9.0.12'.
22-May-2019 18:00:19.495 信息 [main] org.apache.catalina.core.StandardService.startInternal Starting service [Catalina]
22-May-2019 18:00:19.495 信息 [main] org.apache.catalina.core.StandardEngine.startInternal Starting Servlet Engine: Apache Tomcat/9.0.12
22-May-2019 18:00:19.522 信息 [main] org.apache.catalina.startup.HostConfig.deployDirectory Deploying web application directory [D:\software\camundatomcat\server\apache-tomcat-9.0.12\webapps\camunda]
22-May-2019 18:00:31.314 信息 [main] org.apache.jasper.servlet.TldScanner.scanJars At least one JAR was scanned for TLDs yet contained no TLDs. Enable debug logging for this logger for a complete list of JARs that were scanned but no TLDs were found in them. Skipping unneeded JARs during scanning can improve startup time and JSP compilation time.
22-May-2019 18:00:32.286 信息 [main] org.apache.catalina.startup.HostConfig.deployDirectory Deployment of web application directory [D:\software\camundatomcat\server\apache-tomcat-9.0.12\webapps\camunda] has finished in [12,763] ms
22-May-2019 18:00:32.287 信息 [main] org.apache.catalina.startup.HostConfig.deployDirectory Deploying web application directory [D:\software\camundatomcat\server\apache-tomcat-9.0.12\webapps\camunda-invoice]
22-May-2019 18:00:48.347 信息 [main] org.apache.catalina.startup.VersionLoggerListener.log Server version:        Apache Tomcat/9.0.12
22-May-2019 18:00:48.355 信息 [main] org.apache.catalina.startup.VersionLoggerListener.log Server built:          Sep 4 2018 22:13:41 UTC
22-May-2019 18:00:48.357 信息 [main] org.apache.catalina.startup.VersionLoggerListener.log Server number:         9.0.12.0
22-May-2019 18:00:48.357 信息 [main] org.apache.catalina.startup.VersionLoggerListener.log OS Name:               Windows 10
22-May-2019 18:00:48.358 信息 [main] org.apache.catalina.startup.VersionLoggerListener.log OS Version:            10.0
22-May-2019 18:00:48.358 信息 [main] org.apache.catalina.startup.VersionLoggerListener.log Architecture:          amd64
22-May-2019 18:00:48.359 信息 [main] org.apache.catalina.startup.VersionLoggerListener.log Java Home:             D:\software\Java\jdk1.8.0_201\jre
22-May-2019 18:00:48.359 信息 [main] org.apache.catalina.startup.VersionLoggerListener.log JVM Version:           1.8.0_201-b09
22-May-2019 18:00:48.360 信息 [main] org.apache.catalina.startup.VersionLoggerListener.log JVM Vendor:            Oracle Corporation
22-May-2019 18:00:48.360 信息 [main] org.apache.catalina.startup.VersionLoggerListener.log CATALINA_BASE:         D:\software\camundatomcat\server\apache-tomcat-9.0.12
22-May-2019 18:00:48.361 信息 [main] org.apache.catalina.startup.VersionLoggerListener.log CATALINA_HOME:         D:\software\camundatomcat\server\apache-tomcat-9.0.12
22-May-2019 18:00:48.367 信息 [main] org.apache.catalina.startup.VersionLoggerListener.log Command line argument: -Djava.util.logging.config.file=D:\software\camundatomcat\server\apache-tomcat-9.0.12\conf\logging.properties
22-May-2019 18:00:48.368 信息 [main] org.apache.catalina.startup.VersionLoggerListener.log Command line argument: -Djava.util.logging.manager=org.apache.juli.ClassLoaderLogManager
22-May-2019 18:00:48.369 信息 [main] org.apache.catalina.startup.VersionLoggerListener.log Command line argument: -Djdk.tls.ephemeralDHKeySize=2048
22-May-2019 18:00:48.369 信息 [main] org.apache.catalina.startup.VersionLoggerListener.log Command line argument: -Djava.protocol.handler.pkgs=org.apache.catalina.webresources
22-May-2019 18:00:48.370 信息 [main] org.apache.catalina.startup.VersionLoggerListener.log Command line argument: -Xmx512m
22-May-2019 18:00:48.370 信息 [main] org.apache.catalina.startup.VersionLoggerListener.log Command line argument: -XX:MaxPermSize=256m
22-May-2019 18:00:48.370 信息 [main] org.apache.catalina.startup.VersionLoggerListener.log Command line argument: -XX:PermSize=256m
22-May-2019 18:00:48.371 信息 [main] org.apache.catalina.startup.VersionLoggerListener.log Command line argument: -Dignore.endorsed.dirs=
22-May-2019 18:00:48.371 信息 [main] org.apache.catalina.startup.VersionLoggerListener.log Command line argument: -Dcatalina.base=D:\software\camundatomcat\server\apache-tomcat-9.0.12
22-May-2019 18:00:48.372 信息 [main] org.apache.catalina.startup.VersionLoggerListener.log Command line argument: -Dcatalina.home=D:\software\camundatomcat\server\apache-tomcat-9.0.12
22-May-2019 18:00:48.372 信息 [main] org.apache.catalina.startup.VersionLoggerListener.log Command line argument: -Djava.io.tmpdir=D:\software\camundatomcat\server\apache-tomcat-9.0.12\temp
22-May-2019 18:00:48.373 信息 [main] org.apache.catalina.core.AprLifecycleListener.lifecycleEvent The APR based Apache Tomcat Native library which allows optimal performance in production environments was not found on the java.library.path: [D:\software\Java\jdk1.8.0_201\bin;C:\Windows\Sun\Java\bin;C:\Windows\system32;C:\Windows;D:\software\Python\Python37\Scripts\;D:\software\Python\Python37\;C:\Program Files (x86)\Common Files\Oracle\Java\javapath;C:\Program Files (x86)\Intel\Intel(R) Management Engine Components\iCLS\;C:\Program Files\Intel\Intel(R) Management Engine Components\iCLS\;C:\Windows\system32;C:\Windows;C:\Windows\System32\Wbem;C:\Windows\System32\WindowsPowerShell\v1.0\;C:\Windows\System32\OpenSSH\;C:\Program Files (x86)\Intel\Intel(R) Management Engine Components\DAL;C:\Program Files\Intel\Intel(R) Management Engine Components\DAL;C:\Program Files\Intel\WiFi\bin\;C:\Program Files\Common Files\Intel\WirelessCommon\;C:\Program Files (x86)\NVIDIA Corporation\PhysX\Common;C:\Program Files\NVIDIA Corporation\NVIDIA NvDLISR;D:\software\Java\jdk1.8.0_201\bin;D:\software\tcping;D:\software\mysql\bin;D:\software\maven\bin;D:\software\TortoiseSVN\bin;D:\software\redis;D:\software\Git\cmd;D:\software\nodejs\;D:\software\nodejs\node_global;D:\software\gradle\bin;D:\software\lua;D:\software\TortoiseGit\bin;C:\Program Files\MIT\Kerberos\bin;C:\Users\Allen\AppData\Local\Microsoft\WindowsApps;C:\Users\Allen\AppData\Roaming\npm;D:\software\JetBrains\IntelliJIDEA20191\bin;;D:\software\Fiddler;.]
22-May-2019 18:00:48.648 信息 [main] org.apache.coyote.AbstractProtocol.init Initializing ProtocolHandler ["http-nio-8080"]
22-May-2019 18:00:49.344 信息 [main] org.apache.tomcat.util.net.NioSelectorPool.getSharedSelector Using a shared selector for servlet write/read
22-May-2019 18:00:49.351 信息 [main] org.apache.coyote.AbstractProtocol.init Initializing ProtocolHandler ["ajp-nio-8009"]
22-May-2019 18:00:49.354 信息 [main] org.apache.tomcat.util.net.NioSelectorPool.getSharedSelector Using a shared selector for servlet write/read
22-May-2019 18:00:49.355 信息 [main] org.apache.catalina.startup.Catalina.load Initialization processed in 1632 ms
22-May-2019 18:00:49.773 信息 [main] org.camunda.commons.logging.BaseLogger.logInfo ENGINE-08046 Found camunda bpm platform configuration in CATALINA_BASE/CATALINA_HOME conf directory [D:\software\camundatomcat\server\apache-tomcat-9.0.12\conf\bpm-platform.xml] at 'file:/D:/software/camundatomcat/server/apache-tomcat-9.0.12/conf/bpm-platform.xml'
22-May-2019 18:00:50.762 信息 [main] org.camunda.commons.logging.BaseLogger.logInfo ENGINE-12003 Plugin 'ProcessApplicationEventListenerPlugin' activated on process engine 'default'
22-May-2019 18:00:50.801 信息 [main] org.camunda.commons.logging.BaseLogger.logInfo ENGINE-12003 Plugin 'SpinProcessEnginePlugin' activated on process engine 'default'
22-May-2019 18:00:50.821 信息 [main] org.camunda.commons.logging.BaseLogger.logInfo SPIN-01010 Discovered Spin data format provider: org.camunda.spin.impl.json.jackson.format.JacksonJsonDataFormatProvider[name = application/json]
22-May-2019 18:00:51.405 信息 [main] org.camunda.commons.logging.BaseLogger.logInfo SPIN-01010 Discovered Spin data format provider: org.camunda.spin.impl.xml.dom.format.DomXmlDataFormatProvider[name = application/xml]
22-May-2019 18:00:51.427 信息 [main] org.camunda.commons.logging.BaseLogger.logInfo SPIN-01009 Discovered Spin data format: org.camunda.spin.impl.xml.dom.format.DomXmlDataFormat[name = application/xml]
22-May-2019 18:00:51.428 信息 [main] org.camunda.commons.logging.BaseLogger.logInfo SPIN-01009 Discovered Spin data format: org.camunda.spin.impl.json.jackson.format.JacksonJsonDataFormat[name = application/json]
22-May-2019 18:00:51.436 信息 [main] org.camunda.commons.logging.BaseLogger.logInfo ENGINE-12003 Plugin 'ConnectProcessEnginePlugin' activated on process engine 'default'
22-May-2019 18:00:52.532 信息 [main] org.camunda.commons.logging.BaseLogger.logInfo CNCT-01004 Discovered provider for connector id 'http-connector' and class 'org.camunda.connect.httpclient.impl.HttpConnectorImpl': 'org.camunda.connect.httpclient.impl.HttpConnectorProviderImpl'
22-May-2019 18:00:52.537 信息 [main] org.camunda.commons.logging.BaseLogger.logInfo CNCT-01004 Discovered provider for connector id 'soap-http-connector' and class 'org.camunda.connect.httpclient.soap.impl.SoapHttpConnectorImpl': 'org.camunda.connect.httpclient.soap.impl.SoapHttpConnectorProviderImpl'
22-May-2019 18:00:57.595 信息 [main] org.camunda.commons.logging.BaseLogger.logInfo ENGINE-00001 Process Engine default created.
22-May-2019 18:00:57.599 信息 [main] org.camunda.commons.logging.BaseLogger.logInfo ENGINE-14014 Starting up the JobExecutor[org.camunda.bpm.engine.impl.jobexecutor.RuntimeContainerJobExecutor].
22-May-2019 18:00:57.610 信息 [Thread-6] org.camunda.commons.logging.BaseLogger.logInfo ENGINE-14018 JobExecutor[org.camunda.bpm.engine.impl.jobexecutor.RuntimeContainerJobExecutor] starting to acquire jobs
22-May-2019 18:00:57.895 信息 [main] org.camunda.commons.logging.BaseLogger.logInfo ENGINE-08048 Camunda BPM platform sucessfully started at 'Apache Tomcat/9.0.12'.
22-May-2019 18:00:57.925 信息 [main] org.apache.catalina.core.StandardService.startInternal Starting service [Catalina]
22-May-2019 18:00:57.926 信息 [main] org.apache.catalina.core.StandardEngine.startInternal Starting Servlet Engine: Apache Tomcat/9.0.12
22-May-2019 18:00:57.949 信息 [main] org.apache.catalina.startup.HostConfig.deployDirectory Deploying web application directory [D:\software\camundatomcat\server\apache-tomcat-9.0.12\webapps\camunda]
22-May-2019 18:01:06.712 信息 [main] org.apache.jasper.servlet.TldScanner.scanJars At least one JAR was scanned for TLDs yet contained no TLDs. Enable debug logging for this logger for a complete list of JARs that were scanned but no TLDs were found in them. Skipping unneeded JARs during scanning can improve startup time and JSP compilation time.
22-May-2019 18:01:07.715 信息 [main] org.apache.catalina.startup.HostConfig.deployDirectory Deployment of web application directory [D:\software\camundatomcat\server\apache-tomcat-9.0.12\webapps\camunda] has finished in [9,766] ms
22-May-2019 18:01:07.716 信息 [main] org.apache.catalina.startup.HostConfig.deployDirectory Deploying web application directory [D:\software\camundatomcat\server\apache-tomcat-9.0.12\webapps\camunda-invoice]
22-May-2019 18:01:12.070 信息 [main] org.camunda.commons.logging.BaseLogger.logInfo ENGINE-07015 Detected @ProcessApplication class 'org.camunda.bpm.example.invoice.InvoiceProcessApplication'
22-May-2019 18:01:12.121 信息 [main] org.apache.jasper.servlet.TldScanner.scanJars At least one JAR was scanned for TLDs yet contained no TLDs. Enable debug logging for this logger for a complete list of JARs that were scanned but no TLDs were found in them. Skipping unneeded JARs during scanning can improve startup time and JSP compilation time.
22-May-2019 18:01:12.130 信息 [main] org.camunda.commons.logging.BaseLogger.logInfo ENGINE-08024 Found processes.xml file at file:/D:/software/camundatomcat/server/apache-tomcat-9.0.12/webapps/camunda-invoice/WEB-INF/classes/META-INF/processes.xml
22-May-2019 18:01:12.178 信息 [main] org.camunda.commons.logging.BaseLogger.logInfo ENGINE-08023 Deployment summary for process archive 'camunda-invoice': 

        invoiceBusinessDecisions.dmn
        invoice.v2.bpmn
        review-invoice.cmmn

22-May-2019 18:01:12.879 信息 [main] org.camunda.commons.logging.BaseLogger.logInfo ENGINE-07021 ProcessApplication 'camunda-invoice' registered for DB deployments [f361f42e-76b2-11e9-9531-d8f2ca076544, f2fcf0c4-76b2-11e9-9531-d8f2ca076544]. Will execute process definitions 

        invoice[version: 2, id: invoice:2:f36835c2-76b2-11e9-9531-d8f2ca076544]
        invoice[version: 1, id: invoice:1:f3142248-76b2-11e9-9531-d8f2ca076544]

Will execute case definitions 

        ReviewInvoiceCase[version: 2, id: ReviewInvoiceCase:2:f36ddb14-76b2-11e9-9531-d8f2ca076544]
        ReviewInvoiceCase[version: 1, id: ReviewInvoiceCase:1:f33d552a-76b2-11e9-9531-d8f2ca076544]

22-May-2019 18:01:12.895 信息 [main] org.camunda.commons.logging.BaseLogger.logInfo SPIN-01010 Discovered Spin data format provider: org.camunda.spin.impl.json.jackson.format.JacksonJsonDataFormatProvider[name = application/json]
22-May-2019 18:01:12.900 信息 [main] org.camunda.commons.logging.BaseLogger.logInfo SPIN-01010 Discovered Spin data format provider: org.camunda.spin.impl.xml.dom.format.DomXmlDataFormatProvider[name = application/xml]
22-May-2019 18:01:12.907 信息 [main] org.camunda.commons.logging.BaseLogger.logInfo SPIN-01009 Discovered Spin data format: org.camunda.spin.impl.xml.dom.format.DomXmlDataFormat[name = application/xml]
22-May-2019 18:01:12.908 信息 [main] org.camunda.commons.logging.BaseLogger.logInfo SPIN-01009 Discovered Spin data format: org.camunda.spin.impl.json.jackson.format.JacksonJsonDataFormat[name = application/json]
22-May-2019 18:01:13.051 信息 [main] org.camunda.bpm.example.invoice.InvoiceProcessApplication.startProcessInstances No new instances of Invoice Receipt version 1 started, there are 3 instances running
22-May-2019 18:01:13.116 信息 [main] org.camunda.bpm.example.invoice.InvoiceProcessApplication.startProcessInstances No new instances of Invoice Receipt version 2 started, there are 3 instances running
22-May-2019 18:01:13.119 信息 [main] org.camunda.commons.logging.BaseLogger.logInfo ENGINE-08050 Process application camunda-invoice successfully deployed
22-May-2019 18:01:13.134 信息 [main] org.apache.catalina.startup.HostConfig.deployDirectory Deployment of web application directory [D:\software\camundatomcat\server\apache-tomcat-9.0.12\webapps\camunda-invoice] has finished in [5,417] ms
22-May-2019 18:01:13.140 信息 [main] org.apache.catalina.startup.HostConfig.deployDirectory Deploying web application directory [D:\software\camundatomcat\server\apache-tomcat-9.0.12\webapps\camunda-welcome]
22-May-2019 18:01:17.287 信息 [main] org.apache.jasper.servlet.TldScanner.scanJars At least one JAR was scanned for TLDs yet contained no TLDs. Enable debug logging for this logger for a complete list of JARs that were scanned but no TLDs were found in them. Skipping unneeded JARs during scanning can improve startup time and JSP compilation time.
22-May-2019 18:01:17.294 信息 [main] org.apache.catalina.startup.HostConfig.deployDirectory Deployment of web application directory [D:\software\camundatomcat\server\apache-tomcat-9.0.12\webapps\camunda-welcome] has finished in [4,154] ms
22-May-2019 18:01:17.296 信息 [main] org.apache.catalina.startup.HostConfig.deployDirectory Deploying web application directory [D:\software\camundatomcat\server\apache-tomcat-9.0.12\webapps\docs]
22-May-2019 18:01:20.953 信息 [main] org.apache.jasper.servlet.TldScanner.scanJars At least one JAR was scanned for TLDs yet contained no TLDs. Enable debug logging for this logger for a complete list of JARs that were scanned but no TLDs were found in them. Skipping unneeded JARs during scanning can improve startup time and JSP compilation time.
22-May-2019 18:01:20.960 信息 [main] org.apache.catalina.startup.HostConfig.deployDirectory Deployment of web application directory [D:\software\camundatomcat\server\apache-tomcat-9.0.12\webapps\docs] has finished in [3,663] ms
22-May-2019 18:01:20.961 信息 [main] org.apache.catalina.startup.HostConfig.deployDirectory Deploying web application directory [D:\software\camundatomcat\server\apache-tomcat-9.0.12\webapps\engine-rest]
22-May-2019 18:01:26.211 信息 [main] org.apache.jasper.servlet.TldScanner.scanJars At least one JAR was scanned for TLDs yet contained no TLDs. Enable debug logging for this logger for a complete list of JARs that were scanned but no TLDs were found in them. Skipping unneeded JARs during scanning can improve startup time and JSP compilation time.
22-May-2019 18:01:26.609 信息 [main] org.apache.catalina.startup.HostConfig.deployDirectory Deployment of web application directory [D:\software\camundatomcat\server\apache-tomcat-9.0.12\webapps\engine-rest] has finished in [5,647] ms
22-May-2019 18:01:26.610 信息 [main] org.apache.catalina.startup.HostConfig.deployDirectory Deploying web application directory [D:\software\camundatomcat\server\apache-tomcat-9.0.12\webapps\examples]
22-May-2019 18:01:31.313 信息 [main] org.apache.jasper.servlet.TldScanner.scanJars At least one JAR was scanned for TLDs yet contained no TLDs. Enable debug logging for this logger for a complete list of JARs that were scanned but no TLDs were found in them. Skipping unneeded JARs during scanning can improve startup time and JSP compilation time.
22-May-2019 18:01:31.398 信息 [main] org.apache.catalina.startup.HostConfig.deployDirectory Deployment of web application directory [D:\software\camundatomcat\server\apache-tomcat-9.0.12\webapps\examples] has finished in [4,788] ms
22-May-2019 18:01:31.399 信息 [main] org.apache.catalina.startup.HostConfig.deployDirectory Deploying web application directory [D:\software\camundatomcat\server\apache-tomcat-9.0.12\webapps\h2]
22-May-2019 18:01:35.463 信息 [main] org.apache.jasper.servlet.TldScanner.scanJars At least one JAR was scanned for TLDs yet contained no TLDs. Enable debug logging for this logger for a complete list of JARs that were scanned but no TLDs were found in them. Skipping unneeded JARs during scanning can improve startup time and JSP compilation time.
22-May-2019 18:01:35.472 信息 [main] org.apache.catalina.startup.HostConfig.deployDirectory Deployment of web application directory [D:\software\camundatomcat\server\apache-tomcat-9.0.12\webapps\h2] has finished in [4,073] ms
22-May-2019 18:01:35.473 信息 [main] org.apache.catalina.startup.HostConfig.deployDirectory Deploying web application directory [D:\software\camundatomcat\server\apache-tomcat-9.0.12\webapps\host-manager]
22-May-2019 18:01:39.126 信息 [main] org.apache.jasper.servlet.TldScanner.scanJars At least one JAR was scanned for TLDs yet contained no TLDs. Enable debug logging for this logger for a complete list of JARs that were scanned but no TLDs were found in them. Skipping unneeded JARs during scanning can improve startup time and JSP compilation time.
22-May-2019 18:01:39.138 信息 [main] org.apache.catalina.startup.HostConfig.deployDirectory Deployment of web application directory [D:\software\camundatomcat\server\apache-tomcat-9.0.12\webapps\host-manager] has finished in [3,665] ms
22-May-2019 18:01:39.139 信息 [main] org.apache.catalina.startup.HostConfig.deployDirectory Deploying web application directory [D:\software\camundatomcat\server\apache-tomcat-9.0.12\webapps\manager]
22-May-2019 18:01:42.763 信息 [main] org.apache.jasper.servlet.TldScanner.scanJars At least one JAR was scanned for TLDs yet contained no TLDs. Enable debug logging for this logger for a complete list of JARs that were scanned but no TLDs were found in them. Skipping unneeded JARs during scanning can improve startup time and JSP compilation time.
22-May-2019 18:01:42.769 信息 [main] org.apache.catalina.startup.HostConfig.deployDirectory Deployment of web application directory [D:\software\camundatomcat\server\apache-tomcat-9.0.12\webapps\manager] has finished in [3,630] ms
22-May-2019 18:01:42.771 信息 [main] org.apache.catalina.startup.HostConfig.deployDirectory Deploying web application directory [D:\software\camundatomcat\server\apache-tomcat-9.0.12\webapps\ROOT]
22-May-2019 18:01:46.633 信息 [main] org.apache.jasper.servlet.TldScanner.scanJars At least one JAR was scanned for TLDs yet contained no TLDs. Enable debug logging for this logger for a complete list of JARs that were scanned but no TLDs were found in them. Skipping unneeded JARs during scanning can improve startup time and JSP compilation time.
22-May-2019 18:01:46.642 信息 [main] org.apache.catalina.startup.HostConfig.deployDirectory Deployment of web application directory [D:\software\camundatomcat\server\apache-tomcat-9.0.12\webapps\ROOT] has finished in [3,871] ms
22-May-2019 18:01:46.647 信息 [main] org.apache.coyote.AbstractProtocol.start Starting ProtocolHandler ["http-nio-8080"]
22-May-2019 18:01:46.664 信息 [main] org.apache.coyote.AbstractProtocol.start Starting ProtocolHandler ["ajp-nio-8009"]
22-May-2019 18:01:46.671 信息 [main] org.apache.catalina.startup.Catalina.start Server startup in 57315 ms
22-May-2019 18:01:54.507 信息 [http-nio-8080-exec-4] org.jboss.resteasy.logging.impl.Slf4jLogger.info Deploying javax.ws.rs.core.Application: class org.camunda.bpm.admin.impl.web.AdminApplication
22-May-2019 18:01:54.848 信息 [http-nio-8080-exec-6] org.jboss.resteasy.logging.impl.Slf4jLogger.info Deploying javax.ws.rs.core.Application: class org.camunda.bpm.webapp.impl.engine.EngineRestApplication
22-May-2019 18:05:34.700 信息 [Thread-8] org.camunda.commons.logging.BaseLogger.logInfo ENGINE-14015 Shutting down the JobExecutor[org.camunda.bpm.engine.impl.jobexecutor.RuntimeContainerJobExecutor]
22-May-2019 18:05:34.701 信息 [Thread-6] org.camunda.commons.logging.BaseLogger.logInfo ENGINE-14020 JobExecutor[org.camunda.bpm.engine.impl.jobexecutor.RuntimeContainerJobExecutor] stopped job acquisition
22-May-2019 18:05:34.722 信息 [Thread-8] org.camunda.commons.logging.BaseLogger.logInfo ENGINE-08051 Process application camunda-invoice undeployed
22-May-2019 18:05:34.734 信息 [Thread-8] org.camunda.commons.logging.BaseLogger.logInfo ENGINE-00007 Process Engine default closed
22-May-2019 18:05:34.735 信息 [Thread-8] org.camunda.commons.logging.BaseLogger.logInfo ENGINE-08049 Camunda BPM platform stopped at 'Apache Tomcat/9.0.12'
22-May-2019 18:05:34.736 信息 [Thread-8] org.apache.coyote.AbstractProtocol.pause Pausing ProtocolHandler ["http-nio-8080"]
22-May-2019 18:05:35.219 信息 [Thread-8] org.apache.coyote.AbstractProtocol.pause Pausing ProtocolHandler ["ajp-nio-8009"]
22-May-2019 18:05:35.696 信息 [Thread-8] org.apache.catalina.core.StandardService.stopInternal Stopping service [Catalina]
22-May-2019 18:05:35.726 警告 [Thread-8] org.camunda.commons.logging.BaseLogger.logWarn ENGINE-07017 Calling undeploy() on process application that is not deployed.
22-May-2019 18:05:35.797 信息 [Thread-8] org.apache.coyote.AbstractProtocol.stop Stopping ProtocolHandler ["http-nio-8080"]
22-May-2019 18:05:35.799 信息 [Thread-8] org.apache.coyote.AbstractProtocol.stop Stopping ProtocolHandler ["ajp-nio-8009"]
22-May-2019 18:05:35.803 信息 [Thread-8] org.apache.coyote.AbstractProtocol.destroy Destroying ProtocolHandler ["http-nio-8080"]
22-May-2019 18:05:35.805 信息 [Thread-8] org.apache.coyote.AbstractProtocol.destroy Destroying ProtocolHandler ["ajp-nio-8009"]
